
**** Build of configuration Nios II for project DE2_70_Ethernet ****

make all 
      1 [main] sh 37472 find_fast_cwd: WARNING: Couldn't compute FAST_CWD pointer.  Please report this problem to
the public mailing list cygwin@cygwin.com
      1 [main] sh 23244 find_fast_cwd: WARNING: Couldn't compute FAST_CWD pointer.  Please report this problem to
the public mailing list cygwin@cygwin.com
      1 [main] echo 26136 find_fast_cwd: WARNING: Couldn't compute FAST_CWD pointer.  Please report this problem to
the public mailing list cygwin@cygwin.com
Info: Building ../DE2_70_Ethernet_bsp/
make --no-print-directory -C ../DE2_70_Ethernet_bsp/
      1 [main] pwd 18684 find_fast_cwd: WARNING: Couldn't compute FAST_CWD pointer.  Please report this problem to
the public mailing list cygwin@cygwin.com
      2 [main] sh 19404 find_fast_cwd: WARNING: Couldn't compute FAST_CWD pointer.  Please report this problem to
the public mailing list cygwin@cygwin.com
      1 [main] echo 25008 find_fast_cwd: WARNING: Couldn't compute FAST_CWD pointer.  Please report this problem to
the public mailing list cygwin@cygwin.com
Compiling alt_alarm_start.c...
      1 [main] mkdir 26292 find_fast_cwd: WARNING: Couldn't compute FAST_CWD pointer.  Please report this problem to
the public mailing list cygwin@cygwin.com
nios2-elf-gcc -xc -MP -MMD -c  -I./drivers/inc -I./drivers/inc/iniche -I./iniche/inc -I./iniche/src/h -I./iniche/src/h/nios2 -I./iniche/src/nios2 -I./UCOSII/inc -I./HAL/inc -I. -I./drivers/inc -DSYSTEM_BUS_WIDTH=32 -pipe -D__hal__ -DALT_NO_INSTRUCTION_EMULATION -DALTERA_TRIPLE_SPEED_MAC -DALT_INICHE -DRO_ZIPFS -D__ucosii__    -O0 -g -Wall  -EL -mhw-div -mhw-mul -mno-hw-mulx   -o obj/HAL/src/alt_alarm_start.o HAL/src/alt_alarm_start.c
      1 [main] echo 30316 find_fast_cwd: WARNING: Couldn't compute FAST_CWD pointer.  Please report this problem to
Compiling alt_busy_sleep.c...
the public mailing list cygwin@cygwin.com
      1 [main] mkdir 42336 find_fast_cwd: WARNING: Couldn't compute FAST_CWD pointer.  Please report this problem to
the public mailing list cygwin@cygwin.com
nios2-elf-gcc -xc -MP -MMD -c  -I./drivers/inc -I./drivers/inc/iniche -I./iniche/inc -I./iniche/src/h -I./iniche/src/h/nios2 -I./iniche/src/nios2 -I./UCOSII/inc -I./HAL/inc -I. -I./drivers/inc -DSYSTEM_BUS_WIDTH=32 -pipe -D__hal__ -DALT_NO_INSTRUCTION_EMULATION -DALTERA_TRIPLE_SPEED_MAC -DALT_INICHE -DRO_ZIPFS -D__ucosii__    -O0 -g -Wall  -EL -mhw-div -mhw-mul -mno-hw-mulx   -o obj/HAL/src/alt_busy_sleep.o HAL/src/alt_busy_sleep.c
      1 [main] echo 37396 find_fast_cwd: WARNING: Couldn't compute FAST_CWD pointer.  Please report this problem to
Compiling alt_close.c...
the public mailing list cygwin@cygwin.com
      2 [main] mkdir 34272 find_fast_cwd: WARNING: Couldn't compute FAST_CWD pointer.  Please report this problem to
the public mailing list cygwin@cygwin.com
nios2-elf-gcc -xc -MP -MMD -c  -I./drivers/inc -I./drivers/inc/iniche -I./iniche/inc -I./iniche/src/h -I./iniche/src/h/nios2 -I./iniche/src/nios2 -I./UCOSII/inc -I./HAL/inc -I. -I./drivers/inc -DSYSTEM_BUS_WIDTH=32 -pipe -D__hal__ -DALT_NO_INSTRUCTION_EMULATION -DALTERA_TRIPLE_SPEED_MAC -DALT_INICHE -DRO_ZIPFS -D__ucosii__    -O0 -g -Wall  -EL -mhw-div -mhw-mul -mno-hw-mulx   -o obj/HAL/src/alt_close.o HAL/src/alt_close.c
In file included from ./HAL/inc/includes.h:23,
                 from ./UCOSII/inc/priv/alt_sem_ucosii.h:45,
                 from ./UCOSII/inc/os/alt_sem.h:75,
                 from ./HAL/inc/priv/alt_file.h:44,
                 from HAL/src/alt_close.c:37:
./UCOSII/inc/ucos_ii.h:1708:2: error: #error "OS_CFG.H, Missing OS_TICKS_PER_SEC: Sets the number of ticks in one second"
make[1]: *** [obj/HAL/src/alt_close.o] Error 1
make: *** [../DE2_70_Ethernet_bsp/-recurs-make-lib] Error 2

**** Build Finished ****
