Flow report for DE2_70_VGA_NEW
Mon Jun 24 04:42:46 2024
Quartus II 64-Bit Version 13.0.1 Build 232 06/12/2013 Service Pack 1 SJ Full Version


---------------------
; Table of Contents ;
---------------------
  1. Legal Notice
  2. Flow Summary
  3. Flow Settings
  4. Flow Non-Default Global Settings
  5. Flow Elapsed Time
  6. Flow OS Summary
  7. Flow Log
  8. Flow Messages
  9. Flow Suppressed Messages



----------------
; Legal Notice ;
----------------
Copyright (C) 1991-2013 Altera Corporation
Your use of Altera Corporation's design tools, logic functions 
and other software and tools, and its AMPP partner logic 
functions, and any output files from any of the foregoing 
(including device programming or simulation files), and any 
associated documentation or information are expressly subject 
to the terms and conditions of the Altera Program License 
Subscription Agreement, Altera MegaCore Function License 
Agreement, or other applicable license agreement, including, 
without limitation, that your use is for the sole purpose of 
programming logic devices manufactured by Altera and sold by 
Altera or its authorized distributors.  Please refer to the 
applicable agreement for further details.



+---------------------------------------------------------------------------------------+
; Flow Summary                                                                          ;
+------------------------------------+--------------------------------------------------+
; Flow Status                        ; Successful - Mon Jun 24 04:42:46 2024            ;
; Quartus II 64-Bit Version          ; 13.0.1 Build 232 06/12/2013 SP 1 SJ Full Version ;
; Revision Name                      ; DE2_70_VGA_NEW                                   ;
; Top-level Entity Name              ; VGA_Draw                                         ;
; Family                             ; Cyclone II                                       ;
; Device                             ; EP2C70F896C6                                     ;
; Timing Models                      ; Final                                            ;
; Total logic elements               ; 118 / 68,416 ( < 1 % )                           ;
;     Total combinational functions  ; 106 / 68,416 ( < 1 % )                           ;
;     Dedicated logic registers      ; 75 / 68,416 ( < 1 % )                            ;
; Total registers                    ; 75                                               ;
; Total pins                         ; 37 / 622 ( 6 % )                                 ;
; Total virtual pins                 ; 0                                                ;
; Total memory bits                  ; 0 / 1,152,000 ( 0 % )                            ;
; Embedded Multiplier 9-bit elements ; 0 / 300 ( 0 % )                                  ;
; Total PLLs                         ; 0 / 4 ( 0 % )                                    ;
+------------------------------------+--------------------------------------------------+


+-----------------------------------------+
; Flow Settings                           ;
+-------------------+---------------------+
; Option            ; Setting             ;
+-------------------+---------------------+
; Start date & time ; 06/24/2024 04:42:31 ;
; Main task         ; Compilation         ;
; Revision Name     ; DE2_70_VGA_NEW      ;
+-------------------+---------------------+


+----------------------------------------------------------------------------------------------------------------------+
; Flow Non-Default Global Settings                                                                                     ;
+-------------------------------------+--------------------------------+----------------+-------------+----------------+
; Assignment Name                     ; Value                          ; Default Value  ; Entity Name ; Section Id     ;
+-------------------------------------+--------------------------------+----------------+-------------+----------------+
; COMPILER_SIGNATURE_ID               ; 30902517252148.171922935114624 ; --             ; --          ; --             ;
; EDA_OUTPUT_DATA_FORMAT              ; Verilog Hdl                    ; --             ; --          ; eda_simulation ;
; EDA_SIMULATION_TOOL                 ; ModelSim-Altera (Verilog)      ; <None>         ; --          ; --             ;
; IP_TOOL_NAME                        ; ALTPLL                         ; --             ; --          ; --             ;
; IP_TOOL_VERSION                     ; 13.0                           ; --             ; --          ; --             ;
; MAX_CORE_JUNCTION_TEMP              ; 85                             ; --             ; --          ; --             ;
; MIN_CORE_JUNCTION_TEMP              ; 0                              ; --             ; --          ; --             ;
; MISC_FILE                           ; VGA_PLL_bb.v                   ; --             ; --          ; --             ;
; MISC_FILE                           ; VGA_PLL.ppf                    ; --             ; --          ; --             ;
; PARTITION_COLOR                     ; 16764057                       ; --             ; VGA_Draw    ; Top            ;
; PARTITION_FITTER_PRESERVATION_LEVEL ; PLACEMENT_AND_ROUTING          ; --             ; VGA_Draw    ; Top            ;
; PARTITION_NETLIST_TYPE              ; SOURCE                         ; --             ; VGA_Draw    ; Top            ;
; PROJECT_OUTPUT_DIRECTORY            ; output_files                   ; --             ; --          ; --             ;
; TOP_LEVEL_ENTITY                    ; VGA_Draw                       ; DE2_70_VGA_NEW ; --          ; --             ;
+-------------------------------------+--------------------------------+----------------+-------------+----------------+


+-------------------------------------------------------------------------------------------------------------------------------+
; Flow Elapsed Time                                                                                                             ;
+---------------------------+--------------+-------------------------+---------------------+------------------------------------+
; Module Name               ; Elapsed Time ; Average Processors Used ; Peak Virtual Memory ; Total CPU Time (on all processors) ;
+---------------------------+--------------+-------------------------+---------------------+------------------------------------+
; Analysis & Synthesis      ; 00:00:01     ; 1.0                     ; 4592 MB             ; 00:00:01                           ;
; Fitter                    ; 00:00:08     ; 1.0                     ; 5074 MB             ; 00:00:08                           ;
; Assembler                 ; 00:00:02     ; 1.0                     ; 4572 MB             ; 00:00:02                           ;
; TimeQuest Timing Analyzer ; 00:00:01     ; 1.0                     ; 4569 MB             ; 00:00:01                           ;
; EDA Netlist Writer        ; 00:00:01     ; 1.0                     ; 4527 MB             ; 00:00:00                           ;
; Total                     ; 00:00:13     ; --                      ; --                  ; 00:00:12                           ;
+---------------------------+--------------+-------------------------+---------------------+------------------------------------+


+----------------------------------------------------------------------------------------+
; Flow OS Summary                                                                        ;
+---------------------------+------------------+-----------+------------+----------------+
; Module Name               ; Machine Hostname ; OS Name   ; OS Version ; Processor type ;
+---------------------------+------------------+-----------+------------+----------------+
; Analysis & Synthesis      ; Desktop          ; Windows 7 ; 6.2        ; x86_64         ;
; Fitter                    ; Desktop          ; Windows 7 ; 6.2        ; x86_64         ;
; Assembler                 ; Desktop          ; Windows 7 ; 6.2        ; x86_64         ;
; TimeQuest Timing Analyzer ; Desktop          ; Windows 7 ; 6.2        ; x86_64         ;
; EDA Netlist Writer        ; Desktop          ; Windows 7 ; 6.2        ; x86_64         ;
+---------------------------+------------------+-----------+------------+----------------+


------------
; Flow Log ;
------------
quartus_map --read_settings_files=on --write_settings_files=off DE2_70_VGA_NEW -c DE2_70_VGA_NEW
quartus_fit --read_settings_files=off --write_settings_files=off DE2_70_VGA_NEW -c DE2_70_VGA_NEW
quartus_asm --read_settings_files=off --write_settings_files=off DE2_70_VGA_NEW -c DE2_70_VGA_NEW
quartus_sta DE2_70_VGA_NEW -c DE2_70_VGA_NEW
quartus_eda --read_settings_files=off --write_settings_files=off DE2_70_VGA_NEW -c DE2_70_VGA_NEW



